<?xml version="1.0" encoding="UTF-8"?>
<!-- Generated by org.testng.reporters.JUnitXMLReporter -->
<testsuite hostname="DESKTOP-7L0O1SK" ignored="20" name="Test" tests="11" failures="0" timestamp="2021-10-14T11:33:39 IST" time="10.643" errors="0">
  <testcase name="allDumperIds" time="4.11" classname="Asset_tracker_post.get_001_Dumper_details"/>
  <testcase name="assetLocationView" time="0.506" classname="Asset_tracker_post.get_002_assetlocationsview"/>
  <testcase name="assetLocation" time="0.396" classname="Asset_tracker_post.get_003_getlocations"/>
  <testcase name="assetview" time="0.47" classname="Asset_tracker_post.get_004_get_Assetview"/>
  <testcase name="assettrackingforui" time="0.488" classname="Asset_tracker_post.get_005_get_assettrackingforui"/>
  <testcase name="assetLocationsAdding" time="0.421" classname="Asset_tracker_post.post_001_assetlocationsadding"/>
  <testcase name="assetAdd" time="0.415" classname="Asset_tracker_post.post_002_AssetAdd"/>
  <testcase name="getAssets" time="0.456" classname="Asset_tracker_post.post_003_getassets"/>
  <testcase name="asset_tracking" time="0.408" classname="Asset_tracker_post.post_004_assettracking"/>
  <testcase name="dumperdetailscount" time="0.402" classname="Asset_tracker_post.post_006_dumperdetailscount"/>
  <testcase name="dumperdetailscount" time="0.442" classname="Asset_tracker_post.post_007_durationofthetrip"/>
  <testcase name="@AfterTest fulshReport" time="0.0" classname="Asset_tracker_post.base">
    <ignored/>
  </testcase> <!-- @AfterTest fulshReport -->
  <testcase name="@AfterTest fulshReport" time="0.0" classname="Asset_tracker_post.base">
    <ignored/>
  </testcase> <!-- @AfterTest fulshReport -->
  <testcase name="@AfterTest fulshReport" time="0.0" classname="Asset_tracker_post.base">
    <ignored/>
  </testcase> <!-- @AfterTest fulshReport -->
  <testcase name="@AfterTest fulshReport" time="0.0" classname="Asset_tracker_post.base">
    <ignored/>
  </testcase> <!-- @AfterTest fulshReport -->
  <testcase name="@AfterTest fulshReport" time="0.0" classname="Asset_tracker_post.base">
    <ignored/>
  </testcase> <!-- @AfterTest fulshReport -->
  <testcase name="@AfterTest fulshReport" time="0.0" classname="Asset_tracker_post.base">
    <ignored/>
  </testcase> <!-- @AfterTest fulshReport -->
  <testcase name="@AfterTest fulshReport" time="0.0" classname="Asset_tracker_post.base">
    <ignored/>
  </testcase> <!-- @AfterTest fulshReport -->
  <testcase name="@AfterTest fulshReport" time="0.0" classname="Asset_tracker_post.base">
    <ignored/>
  </testcase> <!-- @AfterTest fulshReport -->
  <testcase name="@AfterTest fulshReport" time="0.0" classname="Asset_tracker_post.base">
    <ignored/>
  </testcase> <!-- @AfterTest fulshReport -->
  <testcase name="@AfterTest fulshReport" time="0.0" classname="Asset_tracker_post.base">
    <ignored/>
  </testcase> <!-- @AfterTest fulshReport -->
  <testcase name="@BeforeTest report" time="0.0" classname="Asset_tracker_post.base">
    <ignored/>
  </testcase> <!-- @BeforeTest report -->
  <testcase name="@BeforeTest report" time="0.0" classname="Asset_tracker_post.base">
    <ignored/>
  </testcase> <!-- @BeforeTest report -->
  <testcase name="@BeforeTest report" time="0.0" classname="Asset_tracker_post.base">
    <ignored/>
  </testcase> <!-- @BeforeTest report -->
  <testcase name="@BeforeTest report" time="0.0" classname="Asset_tracker_post.base">
    <ignored/>
  </testcase> <!-- @BeforeTest report -->
  <testcase name="@BeforeTest report" time="0.0" classname="Asset_tracker_post.base">
    <ignored/>
  </testcase> <!-- @BeforeTest report -->
  <testcase name="@BeforeTest report" time="0.0" classname="Asset_tracker_post.base">
    <ignored/>
  </testcase> <!-- @BeforeTest report -->
  <testcase name="@BeforeTest report" time="0.0" classname="Asset_tracker_post.base">
    <ignored/>
  </testcase> <!-- @BeforeTest report -->
  <testcase name="@BeforeTest report" time="0.0" classname="Asset_tracker_post.base">
    <ignored/>
  </testcase> <!-- @BeforeTest report -->
  <testcase name="@BeforeTest report" time="0.0" classname="Asset_tracker_post.base">
    <ignored/>
  </testcase> <!-- @BeforeTest report -->
  <testcase name="@BeforeTest report" time="0.0" classname="Asset_tracker_post.base">
    <ignored/>
  </testcase> <!-- @BeforeTest report -->
</testsuite> <!-- Test -->
