<?xml version="1.0" encoding="UTF-8"?>
<!-- Generated by org.testng.reporters.JUnitXMLReporter -->
<testsuite hostname="DESKTOP-7L0O1SK" ignored="20" name="Test" tests="11" failures="1" timestamp="2021-10-29T22:31:56 IST" time="8.966" errors="0">
  <testcase name="allDumperIds" time="4.578" classname="Asset_tracker_post.get_001_Dumper_details"/>
  <testcase name="assetLocationView" time="0.242" classname="Asset_tracker_post.get_002_assetlocationsview"/>
  <testcase name="assetLocation" time="0.102" classname="Asset_tracker_post.get_003_getlocations"/>
  <testcase name="assetview" time="0.204" classname="Asset_tracker_post.get_004_get_Assetview"/>
  <testcase name="assettrackingforui" time="0.18" classname="Asset_tracker_post.get_005_get_assettrackingforui"/>
  <testcase name="assetLocationsAdding" time="0.176" classname="Asset_tracker_post.post_001_assetlocationsadding"/>
  <testcase name="assetAdd" time="0.125" classname="Asset_tracker_post.post_002_AssetAdd">
    <failure type="java.lang.AssertionError" message="The following asserts failed:
	Test Fail : Unsuccessful Response code received">
      <![CDATA[java.lang.AssertionError: The following asserts failed:
Test Fail : Unsuccessful Response code received
at Asset_tracker_post.post_002_AssetAdd.assetAdd(post_002_AssetAdd.java:168)
at java.util.ArrayList.forEach(ArrayList.java:1257)
... Removed 33 stack frames]]>
    </failure>
  </testcase> <!-- assetAdd -->
  <testcase name="getAssets" time="0.205" classname="Asset_tracker_post.post_003_getassets"/>
  <testcase name="asset_tracking" time="0.138" classname="Asset_tracker_post.post_004_assettracking"/>
  <testcase name="dumperdetailscount" time="0.146" classname="Asset_tracker_post.post_006_dumperdetailscount"/>
  <testcase name="dumperdetailscount" time="0.123" classname="Asset_tracker_post.post_007_durationofthetrip"/>
  <testcase name="@AfterTest fulshReport" time="0.0" classname="Asset_tracker_post.base">
    <ignored/>
  </testcase> <!-- @AfterTest fulshReport -->
  <testcase name="@AfterTest fulshReport" time="0.0" classname="Asset_tracker_post.base">
    <ignored/>
  </testcase> <!-- @AfterTest fulshReport -->
  <testcase name="@AfterTest fulshReport" time="0.0" classname="Asset_tracker_post.base">
    <ignored/>
  </testcase> <!-- @AfterTest fulshReport -->
  <testcase name="@AfterTest fulshReport" time="0.0" classname="Asset_tracker_post.base">
    <ignored/>
  </testcase> <!-- @AfterTest fulshReport -->
  <testcase name="@AfterTest fulshReport" time="0.0" classname="Asset_tracker_post.base">
    <ignored/>
  </testcase> <!-- @AfterTest fulshReport -->
  <testcase name="@AfterTest fulshReport" time="0.0" classname="Asset_tracker_post.base">
    <ignored/>
  </testcase> <!-- @AfterTest fulshReport -->
  <testcase name="@AfterTest fulshReport" time="0.0" classname="Asset_tracker_post.base">
    <ignored/>
  </testcase> <!-- @AfterTest fulshReport -->
  <testcase name="@AfterTest fulshReport" time="0.0" classname="Asset_tracker_post.base">
    <ignored/>
  </testcase> <!-- @AfterTest fulshReport -->
  <testcase name="@AfterTest fulshReport" time="0.0" classname="Asset_tracker_post.base">
    <ignored/>
  </testcase> <!-- @AfterTest fulshReport -->
  <testcase name="@AfterTest fulshReport" time="0.0" classname="Asset_tracker_post.base">
    <ignored/>
  </testcase> <!-- @AfterTest fulshReport -->
  <testcase name="@BeforeTest report" time="0.0" classname="Asset_tracker_post.base">
    <ignored/>
  </testcase> <!-- @BeforeTest report -->
  <testcase name="@BeforeTest report" time="0.0" classname="Asset_tracker_post.base">
    <ignored/>
  </testcase> <!-- @BeforeTest report -->
  <testcase name="@BeforeTest report" time="0.0" classname="Asset_tracker_post.base">
    <ignored/>
  </testcase> <!-- @BeforeTest report -->
  <testcase name="@BeforeTest report" time="0.0" classname="Asset_tracker_post.base">
    <ignored/>
  </testcase> <!-- @BeforeTest report -->
  <testcase name="@BeforeTest report" time="0.0" classname="Asset_tracker_post.base">
    <ignored/>
  </testcase> <!-- @BeforeTest report -->
  <testcase name="@BeforeTest report" time="0.0" classname="Asset_tracker_post.base">
    <ignored/>
  </testcase> <!-- @BeforeTest report -->
  <testcase name="@BeforeTest report" time="0.0" classname="Asset_tracker_post.base">
    <ignored/>
  </testcase> <!-- @BeforeTest report -->
  <testcase name="@BeforeTest report" time="0.0" classname="Asset_tracker_post.base">
    <ignored/>
  </testcase> <!-- @BeforeTest report -->
  <testcase name="@BeforeTest report" time="0.0" classname="Asset_tracker_post.base">
    <ignored/>
  </testcase> <!-- @BeforeTest report -->
  <testcase name="@BeforeTest report" time="0.0" classname="Asset_tracker_post.base">
    <ignored/>
  </testcase> <!-- @BeforeTest report -->
</testsuite> <!-- Test -->
