<?xml version="1.0" encoding="UTF-8"?>
<testng-results skipped="0" failed="1" ignored="20" total="31" passed="10">
  <reporter-output>
  </reporter-output>
  <suite name="Suite" duration-ms="21250" started-at="2021-10-27T11:36:28 IST" finished-at="2021-10-27T11:36:50 IST">
    <groups>
    </groups>
    <test name="Test" duration-ms="21250" started-at="2021-10-27T11:36:28 IST" finished-at="2021-10-27T11:36:50 IST">
      <class name="Asset_tracker_post.get_003_getlocations">
        <test-method status="PASS" signature="disp(java.lang.reflect.Method)[pri:0, instance:Asset_tracker_post.get_003_getlocations@5aa9e4eb]" name="disp" is-config="true" duration-ms="2" started-at="2021-10-27T11:36:40 IST" finished-at="2021-10-27T11:36:40 IST">
          <params>
            <param index="0">
              <value>
                <![CDATA[public void Asset_tracker_post.get_003_getlocations.assetLocation(java.util.Map)]]>
              </value>
            </param>
          </params>
          <reporter-output>
          </reporter-output>
        </test-method> <!-- disp -->
        <test-method status="PASS" signature="assetLocation(java.util.Map)[pri:0, instance:Asset_tracker_post.get_003_getlocations@5aa9e4eb]" name="assetLocation" duration-ms="495" started-at="2021-10-27T11:36:40 IST" data-provider="g_getlocations" finished-at="2021-10-27T11:36:40 IST">
          <params>
            <param index="0">
              <value>
                <![CDATA[{rFIDReaderCode=AN-Test101, chAntenna=112, locationId=38, subch=101, locationDescription=api_test_room}]]>
              </value>
            </param>
          </params>
          <reporter-output>
          </reporter-output>
        </test-method> <!-- assetLocation -->
        <test-method status="PASS" signature="setTestResult(org.testng.ITestResult)[pri:0, instance:Asset_tracker_post.get_003_getlocations@5aa9e4eb]" name="setTestResult" is-config="true" duration-ms="1" started-at="2021-10-27T11:36:40 IST" finished-at="2021-10-27T11:36:40 IST">
          <params>
            <param index="0">
              <value>
                <![CDATA[[TestResult name=assetLocation status=SUCCESS method=get_003_getlocations.assetLocation(java.util.Map)[pri:0, instance:Asset_tracker_post.get_003_getlocations@5aa9e4eb] output={null}]]]>
              </value>
            </param>
          </params>
          <reporter-output>
          </reporter-output>
        </test-method> <!-- setTestResult -->
      </class> <!-- Asset_tracker_post.get_003_getlocations -->
      <class name="Asset_tracker_post.post_002_AssetAdd">
        <test-method status="PASS" signature="disp(java.lang.reflect.Method)[pri:0, instance:Asset_tracker_post.post_002_AssetAdd@682b2fa]" name="disp" is-config="true" duration-ms="1" started-at="2021-10-27T11:36:44 IST" finished-at="2021-10-27T11:36:44 IST">
          <params>
            <param index="0">
              <value>
                <![CDATA[public void Asset_tracker_post.post_002_AssetAdd.assetAdd(java.util.Map)]]>
              </value>
            </param>
          </params>
          <reporter-output>
          </reporter-output>
        </test-method> <!-- disp -->
        <test-method status="FAIL" signature="assetAdd(java.util.Map)[pri:0, instance:Asset_tracker_post.post_002_AssetAdd@682b2fa]" name="assetAdd" duration-ms="641" started-at="2021-10-27T11:36:44 IST" data-provider="assetadding" finished-at="2021-10-27T11:36:44 IST">
          <params>
            <param index="0">
              <value>
                <![CDATA[{assetCode=astcode_123, assetDescription=test_asset_code_desc, locationId=44, status=1}]]>
              </value>
            </param>
          </params>
          <exception class="java.lang.AssertionError">
            <message>
              <![CDATA[The following asserts failed:
Test Fail : Unsuccessful Response code received]]>
            </message>
            <full-stacktrace>
              <![CDATA[java.lang.AssertionError: The following asserts failed:
Test Fail : Unsuccessful Response code received
at org.testng.asserts.SoftAssert.assertAll(SoftAssert.java:47)
at org.testng.asserts.SoftAssert.assertAll(SoftAssert.java:31)
at Asset_tracker_post.post_002_AssetAdd.assetAdd(post_002_AssetAdd.java:168)
at sun.reflect.NativeMethodAccessorImpl.invoke0(Native Method)
at sun.reflect.NativeMethodAccessorImpl.invoke(NativeMethodAccessorImpl.java:62)
at sun.reflect.DelegatingMethodAccessorImpl.invoke(DelegatingMethodAccessorImpl.java:43)
at java.lang.reflect.Method.invoke(Method.java:498)
at org.testng.internal.MethodInvocationHelper.invokeMethod(MethodInvocationHelper.java:133)
at org.testng.internal.TestInvoker.invokeMethod(TestInvoker.java:598)
at org.testng.internal.TestInvoker.invokeTestMethod(TestInvoker.java:173)
at org.testng.internal.MethodRunner.runInSequence(MethodRunner.java:46)
at org.testng.internal.TestInvoker$MethodInvocationAgent.invoke(TestInvoker.java:824)
at org.testng.internal.TestInvoker.invokeTestMethods(TestInvoker.java:146)
at org.testng.internal.TestMethodWorker.invokeTestMethods(TestMethodWorker.java:146)
at org.testng.internal.TestMethodWorker.run(TestMethodWorker.java:128)
at java.util.ArrayList.forEach(ArrayList.java:1257)
at org.testng.TestRunner.privateRun(TestRunner.java:794)
at org.testng.TestRunner.run(TestRunner.java:596)
at org.testng.SuiteRunner.runTest(SuiteRunner.java:377)
at org.testng.SuiteRunner.runSequentially(SuiteRunner.java:371)
at org.testng.SuiteRunner.privateRun(SuiteRunner.java:332)
at org.testng.SuiteRunner.run(SuiteRunner.java:276)
at org.testng.SuiteRunnerWorker.runSuite(SuiteRunnerWorker.java:53)
at org.testng.SuiteRunnerWorker.run(SuiteRunnerWorker.java:96)
at org.testng.TestNG.runSuitesSequentially(TestNG.java:1212)
at org.testng.TestNG.runSuitesLocally(TestNG.java:1134)
at org.testng.TestNG.runSuites(TestNG.java:1063)
at org.testng.TestNG.run(TestNG.java:1031)
at org.apache.maven.surefire.testng.TestNGExecutor.run(TestNGExecutor.java:283)
at org.apache.maven.surefire.testng.TestNGXmlTestSuite.execute(TestNGXmlTestSuite.java:75)
at org.apache.maven.surefire.testng.TestNGProvider.invoke(TestNGProvider.java:120)
at org.apache.maven.surefire.booter.ForkedBooter.invokeProviderInSameClassLoader(ForkedBooter.java:384)
at org.apache.maven.surefire.booter.ForkedBooter.runSuitesInProcess(ForkedBooter.java:345)
at org.apache.maven.surefire.booter.ForkedBooter.execute(ForkedBooter.java:126)
at org.apache.maven.surefire.booter.ForkedBooter.main(ForkedBooter.java:418)
]]>
            </full-stacktrace>
          </exception> <!-- java.lang.AssertionError -->
          <reporter-output>
          </reporter-output>
        </test-method> <!-- assetAdd -->
        <test-method status="PASS" signature="setTestResult(org.testng.ITestResult)[pri:0, instance:Asset_tracker_post.post_002_AssetAdd@682b2fa]" name="setTestResult" is-config="true" duration-ms="9" started-at="2021-10-27T11:36:44 IST" finished-at="2021-10-27T11:36:44 IST">
          <params>
            <param index="0">
              <value>
                <![CDATA[[TestResult name=assetAdd status=FAILURE method=post_002_AssetAdd.assetAdd(java.util.Map)[pri:0, instance:Asset_tracker_post.post_002_AssetAdd@682b2fa] output={null}]]]>
              </value>
            </param>
          </params>
          <reporter-output>
          </reporter-output>
        </test-method> <!-- setTestResult -->
      </class> <!-- Asset_tracker_post.post_002_AssetAdd -->
      <class name="Asset_tracker_post.post_004_assettracking">
        <test-method status="PASS" signature="disp(java.lang.reflect.Method)[pri:0, instance:Asset_tracker_post.post_004_assettracking@229f66ed]" name="disp" is-config="true" duration-ms="1" started-at="2021-10-27T11:36:46 IST" finished-at="2021-10-27T11:36:46 IST">
          <params>
            <param index="0">
              <value>
                <![CDATA[public void Asset_tracker_post.post_004_assettracking.asset_tracking(java.util.Map)]]>
              </value>
            </param>
          </params>
          <reporter-output>
          </reporter-output>
        </test-method> <!-- disp -->
        <test-method status="PASS" signature="asset_tracking(java.util.Map)[pri:0, instance:Asset_tracker_post.post_004_assettracking@229f66ed]" name="asset_tracking" duration-ms="677" started-at="2021-10-27T11:36:46 IST" data-provider="assettracking" finished-at="2021-10-27T11:36:46 IST">
          <params>
            <param index="0">
              <value>
                <![CDATA[{sensor_ID=11, assetCode=astcode_106, time_stamp=2021-09-14 11:14:00, latitude=1.1838, cH_Antenna=101, rFIDReaderCode=AN-Test101, subch=101, longitude=1.1185}]]>
              </value>
            </param>
          </params>
          <reporter-output>
          </reporter-output>
        </test-method> <!-- asset_tracking -->
        <test-method status="PASS" signature="setTestResult(org.testng.ITestResult)[pri:0, instance:Asset_tracker_post.post_004_assettracking@229f66ed]" name="setTestResult" is-config="true" duration-ms="2" started-at="2021-10-27T11:36:46 IST" finished-at="2021-10-27T11:36:46 IST">
          <params>
            <param index="0">
              <value>
                <![CDATA[[TestResult name=asset_tracking status=SUCCESS method=post_004_assettracking.asset_tracking(java.util.Map)[pri:0, instance:Asset_tracker_post.post_004_assettracking@229f66ed] output={null}]]]>
              </value>
            </param>
          </params>
          <reporter-output>
          </reporter-output>
        </test-method> <!-- setTestResult -->
      </class> <!-- Asset_tracker_post.post_004_assettracking -->
      <class name="Asset_tracker_post.get_005_get_assettrackingforui">
        <test-method status="PASS" signature="disp(java.lang.reflect.Method)[pri:0, instance:Asset_tracker_post.get_005_get_assettrackingforui@385c9627]" name="disp" is-config="true" duration-ms="1" started-at="2021-10-27T11:36:41 IST" finished-at="2021-10-27T11:36:41 IST">
          <params>
            <param index="0">
              <value>
                <![CDATA[public void Asset_tracker_post.get_005_get_assettrackingforui.assettrackingforui(java.util.Map)]]>
              </value>
            </param>
          </params>
          <reporter-output>
          </reporter-output>
        </test-method> <!-- disp -->
        <test-method status="PASS" signature="assettrackingforui(java.util.Map)[pri:0, instance:Asset_tracker_post.get_005_get_assettrackingforui@385c9627]" name="assettrackingforui" duration-ms="640" started-at="2021-10-27T11:36:41 IST" data-provider="g_assettrackingforui" finished-at="2021-10-27T11:36:42 IST">
          <params>
            <param index="0">
              <value>
                <![CDATA[{room_Id=44, asset_Description=test_asset_code_desc, room=api_test_room, asset_Code=astcode_112}]]>
              </value>
            </param>
          </params>
          <reporter-output>
          </reporter-output>
        </test-method> <!-- assettrackingforui -->
        <test-method status="PASS" signature="setTestResult(org.testng.ITestResult)[pri:0, instance:Asset_tracker_post.get_005_get_assettrackingforui@385c9627]" name="setTestResult" is-config="true" duration-ms="0" started-at="2021-10-27T11:36:42 IST" finished-at="2021-10-27T11:36:42 IST">
          <params>
            <param index="0">
              <value>
                <![CDATA[[TestResult name=assettrackingforui status=SUCCESS method=get_005_get_assettrackingforui.assettrackingforui(java.util.Map)[pri:0, instance:Asset_tracker_post.get_005_get_assettrackingforui@385c9627] output={null}]]]>
              </value>
            </param>
          </params>
          <reporter-output>
          </reporter-output>
        </test-method> <!-- setTestResult -->
      </class> <!-- Asset_tracker_post.get_005_get_assettrackingforui -->
      <class name="Asset_tracker_post.post_007_durationofthetrip">
        <test-method status="PASS" signature="disp(java.lang.reflect.Method)[pri:0, instance:Asset_tracker_post.post_007_durationofthetrip@662ac478]" name="disp" is-config="true" duration-ms="0" started-at="2021-10-27T11:36:48 IST" finished-at="2021-10-27T11:36:48 IST">
          <params>
            <param index="0">
              <value>
                <![CDATA[public void Asset_tracker_post.post_007_durationofthetrip.dumperdetailscount(java.util.Map)]]>
              </value>
            </param>
          </params>
          <reporter-output>
          </reporter-output>
        </test-method> <!-- disp -->
        <test-method status="PASS" signature="dumperdetailscount(java.util.Map)[pri:0, instance:Asset_tracker_post.post_007_durationofthetrip@662ac478]" name="dumperdetailscount" duration-ms="467" started-at="2021-10-27T11:36:48 IST" data-provider="p_durationofthetrip" finished-at="2021-10-27T11:36:48 IST">
          <params>
            <param index="0">
              <value>
                <![CDATA[{fromDate=2020-10-04, date=null, dumperId=null, loadStartTime=null, timeDiff=null, loadDeviceValue=null, toDate=2021-10-04, unloadDeviceValue=null}]]>
              </value>
            </param>
          </params>
          <reporter-output>
          </reporter-output>
        </test-method> <!-- dumperdetailscount -->
        <test-method status="PASS" signature="setTestResult(org.testng.ITestResult)[pri:0, instance:Asset_tracker_post.post_007_durationofthetrip@662ac478]" name="setTestResult" is-config="true" duration-ms="1" started-at="2021-10-27T11:36:48 IST" finished-at="2021-10-27T11:36:48 IST">
          <params>
            <param index="0">
              <value>
                <![CDATA[[TestResult name=dumperdetailscount status=SUCCESS method=post_007_durationofthetrip.dumperdetailscount(java.util.Map)[pri:0, instance:Asset_tracker_post.post_007_durationofthetrip@662ac478] output={null}]]]>
              </value>
            </param>
          </params>
          <reporter-output>
          </reporter-output>
        </test-method> <!-- setTestResult -->
      </class> <!-- Asset_tracker_post.post_007_durationofthetrip -->
      <class name="Asset_tracker_post.get_001_Dumper_details">
        <test-method status="PASS" signature="report()[pri:0, instance:Asset_tracker_post.get_001_Dumper_details@44c03695]" name="report" is-config="true" duration-ms="169" started-at="2021-10-27T11:36:28 IST" finished-at="2021-10-27T11:36:29 IST">
          <reporter-output>
          </reporter-output>
        </test-method> <!-- report -->
        <test-method status="PASS" signature="disp(java.lang.reflect.Method)[pri:0, instance:Asset_tracker_post.get_001_Dumper_details@44c03695]" name="disp" is-config="true" duration-ms="6" started-at="2021-10-27T11:36:30 IST" finished-at="2021-10-27T11:36:30 IST">
          <params>
            <param index="0">
              <value>
                <![CDATA[public void Asset_tracker_post.get_001_Dumper_details.allDumperIds(java.util.Map)]]>
              </value>
            </param>
          </params>
          <reporter-output>
          </reporter-output>
        </test-method> <!-- disp -->
        <test-method status="PASS" signature="allDumperIds(java.util.Map)[pri:0, instance:Asset_tracker_post.get_001_Dumper_details@44c03695]" name="allDumperIds" duration-ms="8509" started-at="2021-10-27T11:36:30 IST" data-provider="g_alldumperids" finished-at="2021-10-27T11:36:38 IST">
          <params>
            <param index="0">
              <value>
                <![CDATA[{deviceCategory=Dumper, deviceId=10009, deviceMappingID=D9}]]>
              </value>
            </param>
          </params>
          <reporter-output>
          </reporter-output>
        </test-method> <!-- allDumperIds -->
        <test-method status="PASS" signature="setTestResult(org.testng.ITestResult)[pri:0, instance:Asset_tracker_post.get_001_Dumper_details@44c03695]" name="setTestResult" is-config="true" duration-ms="6" started-at="2021-10-27T11:36:38 IST" finished-at="2021-10-27T11:36:38 IST">
          <params>
            <param index="0">
              <value>
                <![CDATA[[TestResult name=allDumperIds status=SUCCESS method=get_001_Dumper_details.allDumperIds(java.util.Map)[pri:0, instance:Asset_tracker_post.get_001_Dumper_details@44c03695] output={null}]]]>
              </value>
            </param>
          </params>
          <reporter-output>
          </reporter-output>
        </test-method> <!-- setTestResult -->
        <test-method status="PASS" signature="fulshReport()[pri:0, instance:Asset_tracker_post.get_001_Dumper_details@44c03695]" name="fulshReport" is-config="true" duration-ms="1406" started-at="2021-10-27T11:36:48 IST" finished-at="2021-10-27T11:36:50 IST">
          <reporter-output>
          </reporter-output>
        </test-method> <!-- fulshReport -->
      </class> <!-- Asset_tracker_post.get_001_Dumper_details -->
      <class name="Asset_tracker_post.get_002_assetlocationsview">
        <test-method status="PASS" signature="disp(java.lang.reflect.Method)[pri:0, instance:Asset_tracker_post.get_002_assetlocationsview@3fc2959f]" name="disp" is-config="true" duration-ms="0" started-at="2021-10-27T11:36:39 IST" finished-at="2021-10-27T11:36:39 IST">
          <params>
            <param index="0">
              <value>
                <![CDATA[public void Asset_tracker_post.get_002_assetlocationsview.assetLocationView(java.util.Map)]]>
              </value>
            </param>
          </params>
          <reporter-output>
          </reporter-output>
        </test-method> <!-- disp -->
        <test-method status="PASS" signature="assetLocationView(java.util.Map)[pri:0, instance:Asset_tracker_post.get_002_assetlocationsview@3fc2959f]" name="assetLocationView" duration-ms="844" started-at="2021-10-27T11:36:39 IST" data-provider="g_assetlocationsview" finished-at="2021-10-27T11:36:40 IST">
          <params>
            <param index="0">
              <value>
                <![CDATA[{rFIDReaderCode=AN-Test101, chAntenna=118, locationId=44, subch=101, locationDescription=api_test_room}]]>
              </value>
            </param>
          </params>
          <reporter-output>
          </reporter-output>
        </test-method> <!-- assetLocationView -->
        <test-method status="PASS" signature="setTestResult(org.testng.ITestResult)[pri:0, instance:Asset_tracker_post.get_002_assetlocationsview@3fc2959f]" name="setTestResult" is-config="true" duration-ms="2" started-at="2021-10-27T11:36:40 IST" finished-at="2021-10-27T11:36:40 IST">
          <params>
            <param index="0">
              <value>
                <![CDATA[[TestResult name=assetLocationView status=SUCCESS method=get_002_assetlocationsview.assetLocationView(java.util.Map)[pri:0, instance:Asset_tracker_post.get_002_assetlocationsview@3fc2959f] output={null}]]]>
              </value>
            </param>
          </params>
          <reporter-output>
          </reporter-output>
        </test-method> <!-- setTestResult -->
      </class> <!-- Asset_tracker_post.get_002_assetlocationsview -->
      <class name="Asset_tracker_post.post_001_assetlocationsadding">
        <test-method status="PASS" signature="disp(java.lang.reflect.Method)[pri:0, instance:Asset_tracker_post.post_001_assetlocationsadding@139982de]" name="disp" is-config="true" duration-ms="0" started-at="2021-10-27T11:36:42 IST" finished-at="2021-10-27T11:36:42 IST">
          <params>
            <param index="0">
              <value>
                <![CDATA[public void Asset_tracker_post.post_001_assetlocationsadding.assetLocationsAdding(java.util.Map)]]>
              </value>
            </param>
          </params>
          <reporter-output>
          </reporter-output>
        </test-method> <!-- disp -->
        <test-method status="PASS" signature="assetLocationsAdding(java.util.Map)[pri:0, instance:Asset_tracker_post.post_001_assetlocationsadding@139982de]" name="assetLocationsAdding" duration-ms="957" started-at="2021-10-27T11:36:42 IST" data-provider="assetlocationsadding" finished-at="2021-10-27T11:36:43 IST">
          <params>
            <param index="0">
              <value>
                <![CDATA[{rFIDReaderCode=AN-Test101, chAntenna=131, subch=101, locationDescription=api_test_room}]]>
              </value>
            </param>
          </params>
          <reporter-output>
          </reporter-output>
        </test-method> <!-- assetLocationsAdding -->
        <test-method status="PASS" signature="setTestResult(org.testng.ITestResult)[pri:0, instance:Asset_tracker_post.post_001_assetlocationsadding@139982de]" name="setTestResult" is-config="true" duration-ms="7" started-at="2021-10-27T11:36:43 IST" finished-at="2021-10-27T11:36:43 IST">
          <params>
            <param index="0">
              <value>
                <![CDATA[[TestResult name=assetLocationsAdding status=SUCCESS method=post_001_assetlocationsadding.assetLocationsAdding(java.util.Map)[pri:0, instance:Asset_tracker_post.post_001_assetlocationsadding@139982de] output={null}]]]>
              </value>
            </param>
          </params>
          <reporter-output>
          </reporter-output>
        </test-method> <!-- setTestResult -->
      </class> <!-- Asset_tracker_post.post_001_assetlocationsadding -->
      <class name="Asset_tracker_post.post_006_dumperdetailscount">
        <test-method status="PASS" signature="disp(java.lang.reflect.Method)[pri:0, instance:Asset_tracker_post.post_006_dumperdetailscount@31190526]" name="disp" is-config="true" duration-ms="1" started-at="2021-10-27T11:36:47 IST" finished-at="2021-10-27T11:36:47 IST">
          <params>
            <param index="0">
              <value>
                <![CDATA[public void Asset_tracker_post.post_006_dumperdetailscount.dumperdetailscount(java.util.Map)]]>
              </value>
            </param>
          </params>
          <reporter-output>
          </reporter-output>
        </test-method> <!-- disp -->
        <test-method status="PASS" signature="dumperdetailscount(java.util.Map)[pri:0, instance:Asset_tracker_post.post_006_dumperdetailscount@31190526]" name="dumperdetailscount" duration-ms="434" started-at="2021-10-27T11:36:47 IST" data-provider="p_dumperdetailscount" finished-at="2021-10-27T11:36:48 IST">
          <params>
            <param index="0">
              <value>
                <![CDATA[{fromDate=2020-10-04, date=null, dumperId=null, loadDeviceValue=null, toDate=2021-10-04, unloadDeviceValue=null, status=null}]]>
              </value>
            </param>
          </params>
          <reporter-output>
          </reporter-output>
        </test-method> <!-- dumperdetailscount -->
        <test-method status="PASS" signature="setTestResult(org.testng.ITestResult)[pri:0, instance:Asset_tracker_post.post_006_dumperdetailscount@31190526]" name="setTestResult" is-config="true" duration-ms="1" started-at="2021-10-27T11:36:48 IST" finished-at="2021-10-27T11:36:48 IST">
          <params>
            <param index="0">
              <value>
                <![CDATA[[TestResult name=dumperdetailscount status=SUCCESS method=post_006_dumperdetailscount.dumperdetailscount(java.util.Map)[pri:0, instance:Asset_tracker_post.post_006_dumperdetailscount@31190526] output={null}]]]>
              </value>
            </param>
          </params>
          <reporter-output>
          </reporter-output>
        </test-method> <!-- setTestResult -->
      </class> <!-- Asset_tracker_post.post_006_dumperdetailscount -->
      <class name="Asset_tracker_post.post_003_getassets">
        <test-method status="PASS" signature="disp(java.lang.reflect.Method)[pri:0, instance:Asset_tracker_post.post_003_getassets@7dcf94f8]" name="disp" is-config="true" duration-ms="0" started-at="2021-10-27T11:36:45 IST" finished-at="2021-10-27T11:36:45 IST">
          <params>
            <param index="0">
              <value>
                <![CDATA[public void Asset_tracker_post.post_003_getassets.getAssets(java.util.Map)]]>
              </value>
            </param>
          </params>
          <reporter-output>
          </reporter-output>
        </test-method> <!-- disp -->
        <test-method status="PASS" signature="getAssets(java.util.Map)[pri:0, instance:Asset_tracker_post.post_003_getassets@7dcf94f8]" name="getAssets" duration-ms="919" started-at="2021-10-27T11:36:45 IST" data-provider="getassets" finished-at="2021-10-27T11:36:46 IST">
          <params>
            <param index="0">
              <value>
                <![CDATA[{asset_code=astcode_106, location_id=17}]]>
              </value>
            </param>
          </params>
          <reporter-output>
          </reporter-output>
        </test-method> <!-- getAssets -->
        <test-method status="PASS" signature="setTestResult(org.testng.ITestResult)[pri:0, instance:Asset_tracker_post.post_003_getassets@7dcf94f8]" name="setTestResult" is-config="true" duration-ms="1" started-at="2021-10-27T11:36:46 IST" finished-at="2021-10-27T11:36:46 IST">
          <params>
            <param index="0">
              <value>
                <![CDATA[[TestResult name=getAssets status=SUCCESS method=post_003_getassets.getAssets(java.util.Map)[pri:0, instance:Asset_tracker_post.post_003_getassets@7dcf94f8] output={null}]]]>
              </value>
            </param>
          </params>
          <reporter-output>
          </reporter-output>
        </test-method> <!-- setTestResult -->
      </class> <!-- Asset_tracker_post.post_003_getassets -->
      <class name="Asset_tracker_post.get_004_get_Assetview">
        <test-method status="PASS" signature="disp(java.lang.reflect.Method)[pri:0, instance:Asset_tracker_post.get_004_get_Assetview@6989da5e]" name="disp" is-config="true" duration-ms="5" started-at="2021-10-27T11:36:40 IST" finished-at="2021-10-27T11:36:40 IST">
          <params>
            <param index="0">
              <value>
                <![CDATA[public void Asset_tracker_post.get_004_get_Assetview.assetview(java.util.Map)]]>
              </value>
            </param>
          </params>
          <reporter-output>
          </reporter-output>
        </test-method> <!-- disp -->
        <test-method status="PASS" signature="assetview(java.util.Map)[pri:0, instance:Asset_tracker_post.get_004_get_Assetview@6989da5e]" name="assetview" duration-ms="841" started-at="2021-10-27T11:36:40 IST" data-provider="g_assetview" finished-at="2021-10-27T11:36:41 IST">
          <params>
            <param index="0">
              <value>
                <![CDATA[{assetCode=astcode_119, id=147, assetDescription=test_asset_code_desc, locationId=44, status=1}]]>
              </value>
            </param>
          </params>
          <reporter-output>
          </reporter-output>
        </test-method> <!-- assetview -->
        <test-method status="PASS" signature="setTestResult(org.testng.ITestResult)[pri:0, instance:Asset_tracker_post.get_004_get_Assetview@6989da5e]" name="setTestResult" is-config="true" duration-ms="1" started-at="2021-10-27T11:36:41 IST" finished-at="2021-10-27T11:36:41 IST">
          <params>
            <param index="0">
              <value>
                <![CDATA[[TestResult name=assetview status=SUCCESS method=get_004_get_Assetview.assetview(java.util.Map)[pri:0, instance:Asset_tracker_post.get_004_get_Assetview@6989da5e] output={null}]]]>
              </value>
            </param>
          </params>
          <reporter-output>
          </reporter-output>
        </test-method> <!-- setTestResult -->
      </class> <!-- Asset_tracker_post.get_004_get_Assetview -->
    </test> <!-- Test -->
  </suite> <!-- Suite -->
</testng-results>
