<?xml version="1.0" encoding="UTF-8"?>
<testng-results skipped="0" failed="0" ignored="0" total="1" passed="1">
  <reporter-output>
  </reporter-output>
  <suite name="Suite" duration-ms="6479" started-at="2021-10-29T19:26:36 IST" finished-at="2021-10-29T19:26:42 IST">
    <groups>
    </groups>
    <test name="Test" duration-ms="6479" started-at="2021-10-29T19:26:36 IST" finished-at="2021-10-29T19:26:42 IST">
      <class name="Asset_tracker_post.get_001_Dumper_details">
        <test-method status="PASS" signature="report()[pri:0, instance:Asset_tracker_post.get_001_Dumper_details@65b3f4a4]" name="report" is-config="true" duration-ms="126" started-at="2021-10-29T19:26:36 IST" finished-at="2021-10-29T19:26:36 IST">
          <reporter-output>
          </reporter-output>
        </test-method> <!-- report -->
        <test-method status="PASS" signature="disp(java.lang.reflect.Method)[pri:0, instance:Asset_tracker_post.get_001_Dumper_details@65b3f4a4]" name="disp" is-config="true" duration-ms="4" started-at="2021-10-29T19:26:37 IST" finished-at="2021-10-29T19:26:37 IST">
          <params>
            <param index="0">
              <value>
                <![CDATA[public void Asset_tracker_post.get_001_Dumper_details.allDumperIds(java.util.Map)]]>
              </value>
            </param>
          </params>
          <reporter-output>
          </reporter-output>
        </test-method> <!-- disp -->
        <test-method status="PASS" signature="allDumperIds(java.util.Map)[pri:0, instance:Asset_tracker_post.get_001_Dumper_details@65b3f4a4]" name="allDumperIds" duration-ms="4793" started-at="2021-10-29T19:26:37 IST" data-provider="g_alldumperids" finished-at="2021-10-29T19:26:42 IST">
          <params>
            <param index="0">
              <value>
                <![CDATA[{deviceCategory=Dumper, deviceId=10009, deviceMappingID=D9}]]>
              </value>
            </param>
          </params>
          <reporter-output>
          </reporter-output>
        </test-method> <!-- allDumperIds -->
        <test-method status="PASS" signature="setTestResult(org.testng.ITestResult)[pri:0, instance:Asset_tracker_post.get_001_Dumper_details@65b3f4a4]" name="setTestResult" is-config="true" duration-ms="3" started-at="2021-10-29T19:26:42 IST" finished-at="2021-10-29T19:26:42 IST">
          <params>
            <param index="0">
              <value>
                <![CDATA[[TestResult name=allDumperIds status=SUCCESS method=get_001_Dumper_details.allDumperIds(java.util.Map)[pri:0, instance:Asset_tracker_post.get_001_Dumper_details@65b3f4a4] output={null}]]]>
              </value>
            </param>
          </params>
          <reporter-output>
          </reporter-output>
        </test-method> <!-- setTestResult -->
        <test-method status="PASS" signature="fulshReport()[pri:0, instance:Asset_tracker_post.get_001_Dumper_details@65b3f4a4]" name="fulshReport" is-config="true" duration-ms="409" started-at="2021-10-29T19:26:42 IST" finished-at="2021-10-29T19:26:42 IST">
          <reporter-output>
          </reporter-output>
        </test-method> <!-- fulshReport -->
      </class> <!-- Asset_tracker_post.get_001_Dumper_details -->
    </test> <!-- Test -->
  </suite> <!-- Suite -->
</testng-results>
